2025-06-05 13:37:59,874 DEBUG    root            Loaded Command Group: ['gcloud', 'components']
2025-06-05 13:37:59,876 DEBUG    root            Loaded Command Group: ['gcloud', 'components', 'update']
2025-06-05 13:37:59,878 DEBUG    root            Running [gcloud.components.update] with arguments: [--quiet: "True", COMPONENT-IDS:8: "['gcloud', 'core', 'bq', 'gsutil', 'compute', 'preview', 'alpha', 'beta']"]
2025-06-05 13:37:59,879 INFO     ___FILE_ONLY___ Beginning update. This process may take several minutes.

2025-06-05 13:37:59,889 DEBUG    urllib3.connectionpool Starting new HTTPS connection (1): dl.google.com:443
2025-06-05 13:37:59,906 DEBUG    urllib3.connectionpool https://dl.google.com:443 "GET /dl/cloudsdk/channels/rapid/components-2.json HTTP/11" 200 233994
2025-06-05 13:37:59,919 WARNING  root            Component [compute] no longer exists.
2025-06-05 13:37:59,920 INFO     ___FILE_ONLY___ 

2025-06-05 13:37:59,921 INFO     ___FILE_ONLY___ 
Your current Google Cloud CLI version is: 525.0.0

2025-06-05 13:37:59,921 INFO     ___FILE_ONLY___ Installing components from version: 525.0.0

2025-06-05 13:37:59,921 INFO     ___FILE_ONLY___ 

2025-06-05 13:37:59,921 DEBUG    root            Chosen display Format:table[box,title="These components will be removed."](details.display_name:label=Name:align=left,version.version_string:label=Version:align=right,data.size.size(zero="",min=1048576):label=Size:align=right)
2025-06-05 13:37:59,922 DEBUG    root            Chosen display Format:table[box,title="These components will be updated."](details.display_name:label=Name:align=left,version.version_string:label=Version:align=right,data.size.size(zero="",min=1048576):label=Size:align=right)
2025-06-05 13:37:59,922 DEBUG    root            Chosen display Format:table[box,title="These components will be installed."](details.display_name:label=Name:align=left,version.version_string:label=Version:align=right,data.size.size(zero="",min=1048576):label=Size:align=right)
2025-06-05 13:37:59,936 INFO     ___FILE_ONLY___ ┌────────────────────────────────────────────────┐
2025-06-05 13:37:59,936 INFO     ___FILE_ONLY___ 

2025-06-05 13:37:59,936 INFO     ___FILE_ONLY___ │      These components will be installed.       │
2025-06-05 13:37:59,937 INFO     ___FILE_ONLY___ 

2025-06-05 13:37:59,937 INFO     ___FILE_ONLY___ ├─────────────────────────┬────────────┬─────────┤
2025-06-05 13:37:59,937 INFO     ___FILE_ONLY___ 

2025-06-05 13:37:59,937 INFO     ___FILE_ONLY___ │           Name          │  Version   │   Size  │
2025-06-05 13:37:59,937 INFO     ___FILE_ONLY___ 

2025-06-05 13:37:59,937 INFO     ___FILE_ONLY___ ├─────────────────────────┼────────────┼─────────┤
2025-06-05 13:37:59,937 INFO     ___FILE_ONLY___ 

2025-06-05 13:37:59,937 INFO     ___FILE_ONLY___ │ 
2025-06-05 13:37:59,937 INFO     ___FILE_ONLY___ gcloud Alpha Commands  
2025-06-05 13:37:59,937 INFO     ___FILE_ONLY___  
2025-06-05 13:37:59,937 INFO     ___FILE_ONLY___ │ 
2025-06-05 13:37:59,937 INFO     ___FILE_ONLY___ 2025.05.30
2025-06-05 13:37:59,937 INFO     ___FILE_ONLY___  
2025-06-05 13:37:59,938 INFO     ___FILE_ONLY___ │ 
2025-06-05 13:37:59,938 INFO     ___FILE_ONLY___ < 1 MiB
2025-06-05 13:37:59,938 INFO     ___FILE_ONLY___  
2025-06-05 13:37:59,938 INFO     ___FILE_ONLY___ │
2025-06-05 13:37:59,938 INFO     ___FILE_ONLY___ 

2025-06-05 13:37:59,938 INFO     ___FILE_ONLY___ │ 
2025-06-05 13:37:59,938 INFO     ___FILE_ONLY___ gcloud Beta Commands   
2025-06-05 13:37:59,938 INFO     ___FILE_ONLY___  
2025-06-05 13:37:59,938 INFO     ___FILE_ONLY___ │ 
2025-06-05 13:37:59,938 INFO     ___FILE_ONLY___ 2025.05.30
2025-06-05 13:37:59,938 INFO     ___FILE_ONLY___  
2025-06-05 13:37:59,938 INFO     ___FILE_ONLY___ │ 
2025-06-05 13:37:59,938 INFO     ___FILE_ONLY___ < 1 MiB
2025-06-05 13:37:59,939 INFO     ___FILE_ONLY___  
2025-06-05 13:37:59,939 INFO     ___FILE_ONLY___ │
2025-06-05 13:37:59,939 INFO     ___FILE_ONLY___ 

2025-06-05 13:37:59,939 INFO     ___FILE_ONLY___ │ 
2025-06-05 13:37:59,939 INFO     ___FILE_ONLY___ gcloud Preview Commands
2025-06-05 13:37:59,939 INFO     ___FILE_ONLY___  
2025-06-05 13:37:59,939 INFO     ___FILE_ONLY___ │ 
2025-06-05 13:37:59,939 INFO     ___FILE_ONLY___           
2025-06-05 13:37:59,939 INFO     ___FILE_ONLY___  
2025-06-05 13:37:59,939 INFO     ___FILE_ONLY___ │ 
2025-06-05 13:37:59,939 INFO     ___FILE_ONLY___ < 1 MiB
2025-06-05 13:37:59,939 INFO     ___FILE_ONLY___  
2025-06-05 13:37:59,939 INFO     ___FILE_ONLY___ │
2025-06-05 13:37:59,939 INFO     ___FILE_ONLY___ 

2025-06-05 13:37:59,940 INFO     ___FILE_ONLY___ └─────────────────────────┴────────────┴─────────┘
2025-06-05 13:37:59,940 INFO     ___FILE_ONLY___ 

2025-06-05 13:37:59,940 INFO     ___FILE_ONLY___ 

2025-06-05 13:37:59,943 DEBUG    urllib3.connectionpool Starting new HTTPS connection (1): dl.google.com:443
2025-06-05 13:37:59,960 DEBUG    urllib3.connectionpool https://dl.google.com:443 "GET /dl/cloudsdk/channels/rapid/RELEASE_NOTES HTTP/11" 200 1428195
2025-06-05 13:38:00,427 INFO     ___FILE_ONLY___ For the latest full release notes, please visit:
  https://cloud.google.com/sdk/release_notes


2025-06-05 13:38:00,428 INFO     ___FILE_ONLY___ Performing in place update...


2025-06-05 13:38:00,430 INFO     ___FILE_ONLY___ ╔════════════════════════════════════════════════════════════╗

2025-06-05 13:38:00,430 INFO     ___FILE_ONLY___ ╠═ Downloading: gcloud Alpha Commands                       ═╣

2025-06-05 13:38:00,430 INFO     ___FILE_ONLY___ ╚
2025-06-05 13:38:00,434 DEBUG    urllib3.connectionpool Starting new HTTPS connection (1): dl.google.com:443
2025-06-05 13:38:00,451 DEBUG    urllib3.connectionpool https://dl.google.com:443 "GET /dl/cloudsdk/channels/rapid/components/google-cloud-sdk-alpha-20250530172306.tar.gz HTTP/11" 200 800
2025-06-05 13:38:00,452 INFO     ___FILE_ONLY___ ════════════════════════════════════════════════════════════
2025-06-05 13:38:00,452 INFO     ___FILE_ONLY___ ╝

2025-06-05 13:38:00,454 INFO     ___FILE_ONLY___ ╔════════════════════════════════════════════════════════════╗

2025-06-05 13:38:00,454 INFO     ___FILE_ONLY___ ╠═ Downloading: gcloud Beta Commands                        ═╣

2025-06-05 13:38:00,454 INFO     ___FILE_ONLY___ ╚
2025-06-05 13:38:00,458 DEBUG    urllib3.connectionpool Starting new HTTPS connection (1): dl.google.com:443
2025-06-05 13:38:00,469 DEBUG    urllib3.connectionpool https://dl.google.com:443 "GET /dl/cloudsdk/channels/rapid/components/google-cloud-sdk-beta-20250530172306.tar.gz HTTP/11" 200 797
2025-06-05 13:38:00,470 INFO     ___FILE_ONLY___ ════════════════════════════════════════════════════════════
2025-06-05 13:38:00,470 INFO     ___FILE_ONLY___ ╝

2025-06-05 13:38:00,472 INFO     ___FILE_ONLY___ ╔════════════════════════════════════════════════════════════╗

2025-06-05 13:38:00,472 INFO     ___FILE_ONLY___ ╠═ Downloading: gcloud Preview Commands                     ═╣

2025-06-05 13:38:00,472 INFO     ___FILE_ONLY___ ╚
2025-06-05 13:38:00,476 DEBUG    urllib3.connectionpool Starting new HTTPS connection (1): dl.google.com:443
2025-06-05 13:38:00,579 DEBUG    urllib3.connectionpool https://dl.google.com:443 "GET /dl/cloudsdk/channels/rapid/components/google-cloud-sdk-preview-20241115154308.tar.gz HTTP/11" 200 823
2025-06-05 13:38:00,579 INFO     ___FILE_ONLY___ ════════════════════════════════════════════════════════════
2025-06-05 13:38:00,580 INFO     ___FILE_ONLY___ ╝

2025-06-05 13:38:00,582 INFO     ___FILE_ONLY___ ╔════════════════════════════════════════════════════════════╗

2025-06-05 13:38:00,582 INFO     ___FILE_ONLY___ ╠═ Installing: gcloud Alpha Commands                        ═╣

2025-06-05 13:38:00,582 INFO     ___FILE_ONLY___ ╚
2025-06-05 13:38:00,583 INFO     ___FILE_ONLY___ ════════════════════════════════════════════════════════════
2025-06-05 13:38:00,583 INFO     ___FILE_ONLY___ ╝

2025-06-05 13:38:00,589 INFO     ___FILE_ONLY___ ╔════════════════════════════════════════════════════════════╗

2025-06-05 13:38:00,589 INFO     ___FILE_ONLY___ ╠═ Installing: gcloud Beta Commands                         ═╣

2025-06-05 13:38:00,589 INFO     ___FILE_ONLY___ ╚
2025-06-05 13:38:00,590 INFO     ___FILE_ONLY___ ════════════════════════════════════════════════════════════
2025-06-05 13:38:00,590 INFO     ___FILE_ONLY___ ╝

2025-06-05 13:38:00,595 INFO     ___FILE_ONLY___ ╔════════════════════════════════════════════════════════════╗

2025-06-05 13:38:00,595 INFO     ___FILE_ONLY___ ╠═ Installing: gcloud Preview Commands                      ═╣

2025-06-05 13:38:00,595 INFO     ___FILE_ONLY___ ╚
2025-06-05 13:38:00,596 INFO     ___FILE_ONLY___ ════════════════════════════════════════════════════════════
2025-06-05 13:38:00,596 INFO     ___FILE_ONLY___ ╝

2025-06-05 13:38:00,601 DEBUG    root            Updating notification cache...
2025-06-05 13:38:00,602 INFO     ___FILE_ONLY___ 

2025-06-05 13:38:00,604 INFO     ___FILE_ONLY___ Performing post processing steps...
2025-06-05 13:38:00,605 DEBUG    root            Executing command: ['/tools/google-cloud-sdk/bin/gcloud', 'components', 'post-process']
2025-06-05 13:38:09,713 DEBUG    ___FILE_ONLY___ 
2025-06-05 13:38:09,713 DEBUG    ___FILE_ONLY___ 
2025-06-05 13:38:09,868 INFO     root            descriptor_list: [{'universeDomain': 'googleapis.com', 'universeShortName': '', 'authenticationDomain': 'auth.cloud.google.com', 'projectPrefix': '', 'cloudWebDomain': 'cloud.google.com', 'documentationDomain': 'cloud.google.com', 'version': '1.0.0', 'state': 'primary', 'artifactRegistryDomain': 'pkg.dev'}]
2025-06-05 13:38:09,868 INFO     ___FILE_ONLY___ 
Update done!


2025-06-05 13:38:09,871 DEBUG    root            Chosen display Format:none
2025-06-05 13:38:09,871 INFO     root            Display format: "none"
