2025-06-05 13:37:41,919 DEBUG    root            Loaded Command Group: ['gcloud', 'components']
2025-06-05 13:37:41,923 DEBUG    root            Loaded Command Group: ['gcloud', 'components', 'update']
2025-06-05 13:37:41,925 DEBUG    root            Running [gcloud.components.update] with arguments: [--compile-python: "True", --quiet: "True", COMPONENT-IDS:6: "['core', 'gcloud-deps', 'bq', 'gcloud', 'gcloud-crc32c', 'gsutil']"]
2025-06-05 13:37:41,926 INFO     ___FILE_ONLY___ Beginning update. This process may take several minutes.

2025-06-05 13:37:41,959 DEBUG    urllib3.connectionpool Starting new HTTPS connection (1): dl.google.com:443
2025-06-05 13:37:41,974 DEBUG    urllib3.connectionpool https://dl.google.com:443 "GET /dl/cloudsdk/channels/rapid/components-2.json HTTP/11" 200 233994
2025-06-05 13:37:41,986 INFO     ___FILE_ONLY___ 

2025-06-05 13:37:41,986 INFO     ___FILE_ONLY___ 
Your current Google Cloud CLI version is: 525.0.0

2025-06-05 13:37:41,986 INFO     ___FILE_ONLY___ Installing components from version: 525.0.0

2025-06-05 13:37:41,986 INFO     ___FILE_ONLY___ 

2025-06-05 13:37:41,986 DEBUG    root            Chosen display Format:table[box,title="These components will be removed."](details.display_name:label=Name:align=left,version.version_string:label=Version:align=right,data.size.size(zero="",min=1048576):label=Size:align=right)
2025-06-05 13:37:41,987 DEBUG    root            Chosen display Format:table[box,title="These components will be updated."](details.display_name:label=Name:align=left,version.version_string:label=Version:align=right,data.size.size(zero="",min=1048576):label=Size:align=right)
2025-06-05 13:37:41,987 DEBUG    root            Chosen display Format:table[box,title="These components will be installed."](details.display_name:label=Name:align=left,version.version_string:label=Version:align=right,data.size.size(zero="",min=1048576):label=Size:align=right)
2025-06-05 13:37:42,025 INFO     ___FILE_ONLY___ ┌─────────────────────────────────────────────────────────────────────────────┐
2025-06-05 13:37:42,025 INFO     ___FILE_ONLY___ 

2025-06-05 13:37:42,025 INFO     ___FILE_ONLY___ │                     These components will be installed.                     │
2025-06-05 13:37:42,025 INFO     ___FILE_ONLY___ 

2025-06-05 13:37:42,025 INFO     ___FILE_ONLY___ ├─────────────────────────────────────────────────────┬────────────┬──────────┤
2025-06-05 13:37:42,025 INFO     ___FILE_ONLY___ 

2025-06-05 13:37:42,025 INFO     ___FILE_ONLY___ │                         Name                        │  Version   │   Size   │
2025-06-05 13:37:42,025 INFO     ___FILE_ONLY___ 

2025-06-05 13:37:42,025 INFO     ___FILE_ONLY___ ├─────────────────────────────────────────────────────┼────────────┼──────────┤
2025-06-05 13:37:42,025 INFO     ___FILE_ONLY___ 

2025-06-05 13:37:42,025 INFO     ___FILE_ONLY___ │ 
2025-06-05 13:37:42,025 INFO     ___FILE_ONLY___ BigQuery Command Line Tool                         
2025-06-05 13:37:42,026 INFO     ___FILE_ONLY___  
2025-06-05 13:37:42,026 INFO     ___FILE_ONLY___ │ 
2025-06-05 13:37:42,026 INFO     ___FILE_ONLY___     2.1.17
2025-06-05 13:37:42,026 INFO     ___FILE_ONLY___  
2025-06-05 13:37:42,026 INFO     ___FILE_ONLY___ │ 
2025-06-05 13:37:42,026 INFO     ___FILE_ONLY___  1.8 MiB
2025-06-05 13:37:42,026 INFO     ___FILE_ONLY___  
2025-06-05 13:37:42,026 INFO     ___FILE_ONLY___ │
2025-06-05 13:37:42,026 INFO     ___FILE_ONLY___ 

2025-06-05 13:37:42,026 INFO     ___FILE_ONLY___ │ 
2025-06-05 13:37:42,026 INFO     ___FILE_ONLY___ BigQuery Command Line Tool (Platform Specific)     
2025-06-05 13:37:42,026 INFO     ___FILE_ONLY___  
2025-06-05 13:37:42,026 INFO     ___FILE_ONLY___ │ 
2025-06-05 13:37:42,026 INFO     ___FILE_ONLY___     2.1.17
2025-06-05 13:37:42,026 INFO     ___FILE_ONLY___  
2025-06-05 13:37:42,026 INFO     ___FILE_ONLY___ │ 
2025-06-05 13:37:42,026 INFO     ___FILE_ONLY___  < 1 MiB
2025-06-05 13:37:42,026 INFO     ___FILE_ONLY___  
2025-06-05 13:37:42,026 INFO     ___FILE_ONLY___ │
2025-06-05 13:37:42,026 INFO     ___FILE_ONLY___ 

2025-06-05 13:37:42,026 INFO     ___FILE_ONLY___ │ 
2025-06-05 13:37:42,027 INFO     ___FILE_ONLY___ Bundled Python 3.12 (Platform Specific)            
2025-06-05 13:37:42,027 INFO     ___FILE_ONLY___  
2025-06-05 13:37:42,027 INFO     ___FILE_ONLY___ │ 
2025-06-05 13:37:42,027 INFO     ___FILE_ONLY___     3.12.9
2025-06-05 13:37:42,027 INFO     ___FILE_ONLY___  
2025-06-05 13:37:42,027 INFO     ___FILE_ONLY___ │ 
2025-06-05 13:37:42,027 INFO     ___FILE_ONLY___ 89.3 MiB
2025-06-05 13:37:42,027 INFO     ___FILE_ONLY___  
2025-06-05 13:37:42,027 INFO     ___FILE_ONLY___ │
2025-06-05 13:37:42,027 INFO     ___FILE_ONLY___ 

2025-06-05 13:37:42,027 INFO     ___FILE_ONLY___ │ 
2025-06-05 13:37:42,027 INFO     ___FILE_ONLY___ Cloud Storage Command Line Tool                    
2025-06-05 13:37:42,027 INFO     ___FILE_ONLY___  
2025-06-05 13:37:42,027 INFO     ___FILE_ONLY___ │ 
2025-06-05 13:37:42,027 INFO     ___FILE_ONLY___       5.34
2025-06-05 13:37:42,027 INFO     ___FILE_ONLY___  
2025-06-05 13:37:42,027 INFO     ___FILE_ONLY___ │ 
2025-06-05 13:37:42,027 INFO     ___FILE_ONLY___ 11.8 MiB
2025-06-05 13:37:42,027 INFO     ___FILE_ONLY___  
2025-06-05 13:37:42,027 INFO     ___FILE_ONLY___ │
2025-06-05 13:37:42,027 INFO     ___FILE_ONLY___ 

2025-06-05 13:37:42,028 INFO     ___FILE_ONLY___ │ 
2025-06-05 13:37:42,028 INFO     ___FILE_ONLY___ Cloud Storage Command Line Tool (Platform Specific)
2025-06-05 13:37:42,028 INFO     ___FILE_ONLY___  
2025-06-05 13:37:42,028 INFO     ___FILE_ONLY___ │ 
2025-06-05 13:37:42,028 INFO     ___FILE_ONLY___       5.34
2025-06-05 13:37:42,028 INFO     ___FILE_ONLY___  
2025-06-05 13:37:42,028 INFO     ___FILE_ONLY___ │ 
2025-06-05 13:37:42,028 INFO     ___FILE_ONLY___  < 1 MiB
2025-06-05 13:37:42,028 INFO     ___FILE_ONLY___  
2025-06-05 13:37:42,028 INFO     ___FILE_ONLY___ │
2025-06-05 13:37:42,028 INFO     ___FILE_ONLY___ 

2025-06-05 13:37:42,028 INFO     ___FILE_ONLY___ │ 
2025-06-05 13:37:42,028 INFO     ___FILE_ONLY___ Google Cloud CLI Core Libraries (Platform Specific)
2025-06-05 13:37:42,028 INFO     ___FILE_ONLY___  
2025-06-05 13:37:42,028 INFO     ___FILE_ONLY___ │ 
2025-06-05 13:37:42,028 INFO     ___FILE_ONLY___ 2025.05.23
2025-06-05 13:37:42,028 INFO     ___FILE_ONLY___  
2025-06-05 13:37:42,028 INFO     ___FILE_ONLY___ │ 
2025-06-05 13:37:42,028 INFO     ___FILE_ONLY___  < 1 MiB
2025-06-05 13:37:42,028 INFO     ___FILE_ONLY___  
2025-06-05 13:37:42,028 INFO     ___FILE_ONLY___ │
2025-06-05 13:37:42,029 INFO     ___FILE_ONLY___ 

2025-06-05 13:37:42,029 INFO     ___FILE_ONLY___ │ 
2025-06-05 13:37:42,029 INFO     ___FILE_ONLY___ Google Cloud CRC32C Hash Tool (Platform Specific)  
2025-06-05 13:37:42,029 INFO     ___FILE_ONLY___  
2025-06-05 13:37:42,029 INFO     ___FILE_ONLY___ │ 
2025-06-05 13:37:42,029 INFO     ___FILE_ONLY___      1.0.0
2025-06-05 13:37:42,029 INFO     ___FILE_ONLY___  
2025-06-05 13:37:42,029 INFO     ___FILE_ONLY___ │ 
2025-06-05 13:37:42,029 INFO     ___FILE_ONLY___  1.4 MiB
2025-06-05 13:37:42,029 INFO     ___FILE_ONLY___  
2025-06-05 13:37:42,029 INFO     ___FILE_ONLY___ │
2025-06-05 13:37:42,029 INFO     ___FILE_ONLY___ 

2025-06-05 13:37:42,029 INFO     ___FILE_ONLY___ │ 
2025-06-05 13:37:42,029 INFO     ___FILE_ONLY___ gcloud cli dependencies (Platform Specific)        
2025-06-05 13:37:42,029 INFO     ___FILE_ONLY___  
2025-06-05 13:37:42,029 INFO     ___FILE_ONLY___ │ 
2025-06-05 13:37:42,029 INFO     ___FILE_ONLY___ 2021.04.16
2025-06-05 13:37:42,029 INFO     ___FILE_ONLY___  
2025-06-05 13:37:42,029 INFO     ___FILE_ONLY___ │ 
2025-06-05 13:37:42,029 INFO     ___FILE_ONLY___  < 1 MiB
2025-06-05 13:37:42,029 INFO     ___FILE_ONLY___  
2025-06-05 13:37:42,030 INFO     ___FILE_ONLY___ │
2025-06-05 13:37:42,030 INFO     ___FILE_ONLY___ 

2025-06-05 13:37:42,030 INFO     ___FILE_ONLY___ └─────────────────────────────────────────────────────┴────────────┴──────────┘
2025-06-05 13:37:42,030 INFO     ___FILE_ONLY___ 

2025-06-05 13:37:42,030 INFO     ___FILE_ONLY___ 

2025-06-05 13:37:42,033 DEBUG    urllib3.connectionpool Starting new HTTPS connection (1): dl.google.com:443
2025-06-05 13:37:42,048 DEBUG    urllib3.connectionpool https://dl.google.com:443 "GET /dl/cloudsdk/channels/rapid/RELEASE_NOTES HTTP/11" 200 1428195
2025-06-05 13:37:42,517 INFO     ___FILE_ONLY___ For the latest full release notes, please visit:
  https://cloud.google.com/sdk/release_notes


2025-06-05 13:37:42,517 INFO     ___FILE_ONLY___ Performing in place update...


2025-06-05 13:37:42,519 INFO     ___FILE_ONLY___ ╔════════════════════════════════════════════════════════════╗

2025-06-05 13:37:42,519 INFO     ___FILE_ONLY___ ╠═ Downloading: BigQuery Command Line Tool                  ═╣

2025-06-05 13:37:42,519 INFO     ___FILE_ONLY___ ╚
2025-06-05 13:37:42,523 DEBUG    urllib3.connectionpool Starting new HTTPS connection (1): dl.google.com:443
2025-06-05 13:37:42,573 DEBUG    urllib3.connectionpool https://dl.google.com:443 "GET /dl/cloudsdk/channels/rapid/components/google-cloud-sdk-bq-20250516153006.tar.gz HTTP/11" 200 1846801
2025-06-05 13:37:42,585 INFO     ___FILE_ONLY___ ═
2025-06-05 13:37:42,585 INFO     ___FILE_ONLY___ ═
2025-06-05 13:37:42,585 INFO     ___FILE_ONLY___ ═
2025-06-05 13:37:42,585 INFO     ___FILE_ONLY___ ═
2025-06-05 13:37:42,585 INFO     ___FILE_ONLY___ ═
2025-06-05 13:37:42,585 INFO     ___FILE_ONLY___ ═
2025-06-05 13:37:42,585 INFO     ___FILE_ONLY___ ═
2025-06-05 13:37:42,585 INFO     ___FILE_ONLY___ ═
2025-06-05 13:37:42,586 INFO     ___FILE_ONLY___ ═
2025-06-05 13:37:42,586 INFO     ___FILE_ONLY___ ═
2025-06-05 13:37:42,586 INFO     ___FILE_ONLY___ ═
2025-06-05 13:37:42,586 INFO     ___FILE_ONLY___ ═
2025-06-05 13:37:42,586 INFO     ___FILE_ONLY___ ═
2025-06-05 13:37:42,586 INFO     ___FILE_ONLY___ ═
2025-06-05 13:37:42,586 INFO     ___FILE_ONLY___ ═
2025-06-05 13:37:42,586 INFO     ___FILE_ONLY___ ═
2025-06-05 13:37:42,586 INFO     ___FILE_ONLY___ ═
2025-06-05 13:37:42,586 INFO     ___FILE_ONLY___ ═
2025-06-05 13:37:42,586 INFO     ___FILE_ONLY___ ═
2025-06-05 13:37:42,586 INFO     ___FILE_ONLY___ ═
2025-06-05 13:37:42,587 INFO     ___FILE_ONLY___ ═
2025-06-05 13:37:42,587 INFO     ___FILE_ONLY___ ═
2025-06-05 13:37:42,587 INFO     ___FILE_ONLY___ ═
2025-06-05 13:37:42,587 INFO     ___FILE_ONLY___ ═
2025-06-05 13:37:42,587 INFO     ___FILE_ONLY___ ═
2025-06-05 13:37:42,587 INFO     ___FILE_ONLY___ ═
2025-06-05 13:37:42,587 INFO     ___FILE_ONLY___ ═
2025-06-05 13:37:42,587 INFO     ___FILE_ONLY___ ═
2025-06-05 13:37:42,587 INFO     ___FILE_ONLY___ ═
2025-06-05 13:37:42,587 INFO     ___FILE_ONLY___ ═
2025-06-05 13:37:42,587 INFO     ___FILE_ONLY___ ═
2025-06-05 13:37:42,588 INFO     ___FILE_ONLY___ ═
2025-06-05 13:37:42,588 INFO     ___FILE_ONLY___ ═
2025-06-05 13:37:42,588 INFO     ___FILE_ONLY___ ═
2025-06-05 13:37:42,588 INFO     ___FILE_ONLY___ ═
2025-06-05 13:37:42,588 INFO     ___FILE_ONLY___ ═
2025-06-05 13:37:42,588 INFO     ___FILE_ONLY___ ═
2025-06-05 13:37:42,588 INFO     ___FILE_ONLY___ ═
2025-06-05 13:37:42,588 INFO     ___FILE_ONLY___ ═
2025-06-05 13:37:42,588 INFO     ___FILE_ONLY___ ═
2025-06-05 13:37:42,588 INFO     ___FILE_ONLY___ ═
2025-06-05 13:37:42,588 INFO     ___FILE_ONLY___ ═
2025-06-05 13:37:42,589 INFO     ___FILE_ONLY___ ═
2025-06-05 13:37:42,589 INFO     ___FILE_ONLY___ ═
2025-06-05 13:37:42,589 INFO     ___FILE_ONLY___ ═
2025-06-05 13:37:42,589 INFO     ___FILE_ONLY___ ═
2025-06-05 13:37:42,589 INFO     ___FILE_ONLY___ ═
2025-06-05 13:37:42,589 INFO     ___FILE_ONLY___ ═
2025-06-05 13:37:42,589 INFO     ___FILE_ONLY___ ═
2025-06-05 13:37:42,589 INFO     ___FILE_ONLY___ ═
2025-06-05 13:37:42,589 INFO     ___FILE_ONLY___ ═
2025-06-05 13:37:42,589 INFO     ___FILE_ONLY___ ═
2025-06-05 13:37:42,589 INFO     ___FILE_ONLY___ ═
2025-06-05 13:37:42,590 INFO     ___FILE_ONLY___ ═
2025-06-05 13:37:42,590 INFO     ___FILE_ONLY___ ═
2025-06-05 13:37:42,590 INFO     ___FILE_ONLY___ ═
2025-06-05 13:37:42,590 INFO     ___FILE_ONLY___ ═
2025-06-05 13:37:42,590 INFO     ___FILE_ONLY___ ═
2025-06-05 13:37:42,590 INFO     ___FILE_ONLY___ ═
2025-06-05 13:37:42,590 INFO     ___FILE_ONLY___ ═
2025-06-05 13:37:42,590 INFO     ___FILE_ONLY___ ╝

2025-06-05 13:37:42,592 INFO     ___FILE_ONLY___ ╔════════════════════════════════════════════════════════════╗

2025-06-05 13:37:42,593 INFO     ___FILE_ONLY___ ╠═ Downloading: BigQuery Command Line Tool (Platform Spe... ═╣

2025-06-05 13:37:42,593 INFO     ___FILE_ONLY___ ╚
2025-06-05 13:37:42,597 DEBUG    urllib3.connectionpool Starting new HTTPS connection (1): dl.google.com:443
2025-06-05 13:37:42,607 DEBUG    urllib3.connectionpool https://dl.google.com:443 "GET /dl/cloudsdk/channels/rapid/components/google-cloud-sdk-bq-nix-20250523104322.tar.gz HTTP/11" 200 1935
2025-06-05 13:37:42,608 INFO     ___FILE_ONLY___ ════════════════════════════════════════════════════════════
2025-06-05 13:37:42,608 INFO     ___FILE_ONLY___ ╝

2025-06-05 13:37:42,610 INFO     ___FILE_ONLY___ ╔════════════════════════════════════════════════════════════╗

2025-06-05 13:37:42,610 INFO     ___FILE_ONLY___ ╠═ Downloading: Bundled Python 3.12                         ═╣

2025-06-05 13:37:42,610 INFO     ___FILE_ONLY___ ╚
2025-06-05 13:37:42,610 INFO     ___FILE_ONLY___ ════════════════════════════════════════════════════════════
2025-06-05 13:37:42,610 INFO     ___FILE_ONLY___ ╝

2025-06-05 13:37:42,612 INFO     ___FILE_ONLY___ ╔════════════════════════════════════════════════════════════╗

2025-06-05 13:37:42,612 INFO     ___FILE_ONLY___ ╠═ Downloading: Bundled Python 3.12 (Platform Specific)     ═╣

2025-06-05 13:37:42,612 INFO     ___FILE_ONLY___ ╚
2025-06-05 13:37:42,615 DEBUG    urllib3.connectionpool Starting new HTTPS connection (1): dl.google.com:443
2025-06-05 13:37:42,631 DEBUG    urllib3.connectionpool https://dl.google.com:443 "GET /dl/cloudsdk/channels/rapid/components/google-cloud-sdk-bundled-python3-unix-linux-x86_64-20250502143716.tar.gz HTTP/11" 200 93610468
2025-06-05 13:37:42,988 INFO     ___FILE_ONLY___ ═
2025-06-05 13:37:42,990 INFO     ___FILE_ONLY___ ═
2025-06-05 13:37:42,992 INFO     ___FILE_ONLY___ ═
2025-06-05 13:37:42,994 INFO     ___FILE_ONLY___ ═
2025-06-05 13:37:42,996 INFO     ___FILE_ONLY___ ═
2025-06-05 13:37:42,997 INFO     ___FILE_ONLY___ ═
2025-06-05 13:37:42,999 INFO     ___FILE_ONLY___ ═
2025-06-05 13:37:43,001 INFO     ___FILE_ONLY___ ═
2025-06-05 13:37:43,003 INFO     ___FILE_ONLY___ ═
2025-06-05 13:37:43,004 INFO     ___FILE_ONLY___ ═
2025-06-05 13:37:43,006 INFO     ___FILE_ONLY___ ═
2025-06-05 13:37:43,008 INFO     ___FILE_ONLY___ ═
2025-06-05 13:37:43,010 INFO     ___FILE_ONLY___ ═
2025-06-05 13:37:43,011 INFO     ___FILE_ONLY___ ═
2025-06-05 13:37:43,013 INFO     ___FILE_ONLY___ ═
2025-06-05 13:37:43,015 INFO     ___FILE_ONLY___ ═
2025-06-05 13:37:43,017 INFO     ___FILE_ONLY___ ═
2025-06-05 13:37:43,018 INFO     ___FILE_ONLY___ ═
2025-06-05 13:37:43,020 INFO     ___FILE_ONLY___ ═
2025-06-05 13:37:43,022 INFO     ___FILE_ONLY___ ═
2025-06-05 13:37:43,024 INFO     ___FILE_ONLY___ ═
2025-06-05 13:37:43,026 INFO     ___FILE_ONLY___ ═
2025-06-05 13:37:43,027 INFO     ___FILE_ONLY___ ═
2025-06-05 13:37:43,029 INFO     ___FILE_ONLY___ ═
2025-06-05 13:37:43,031 INFO     ___FILE_ONLY___ ═
2025-06-05 13:37:43,033 INFO     ___FILE_ONLY___ ═
2025-06-05 13:37:43,034 INFO     ___FILE_ONLY___ ═
2025-06-05 13:37:43,036 INFO     ___FILE_ONLY___ ═
2025-06-05 13:37:43,038 INFO     ___FILE_ONLY___ ═
2025-06-05 13:37:43,040 INFO     ___FILE_ONLY___ ═
2025-06-05 13:37:43,041 INFO     ___FILE_ONLY___ ═
2025-06-05 13:37:43,043 INFO     ___FILE_ONLY___ ═
2025-06-05 13:37:43,045 INFO     ___FILE_ONLY___ ═
2025-06-05 13:37:43,047 INFO     ___FILE_ONLY___ ═
2025-06-05 13:37:43,049 INFO     ___FILE_ONLY___ ═
2025-06-05 13:37:43,050 INFO     ___FILE_ONLY___ ═
2025-06-05 13:37:43,052 INFO     ___FILE_ONLY___ ═
2025-06-05 13:37:43,054 INFO     ___FILE_ONLY___ ═
2025-06-05 13:37:43,056 INFO     ___FILE_ONLY___ ═
2025-06-05 13:37:43,057 INFO     ___FILE_ONLY___ ═
2025-06-05 13:37:43,059 INFO     ___FILE_ONLY___ ═
2025-06-05 13:37:43,061 INFO     ___FILE_ONLY___ ═
2025-06-05 13:37:43,063 INFO     ___FILE_ONLY___ ═
2025-06-05 13:37:43,064 INFO     ___FILE_ONLY___ ═
2025-06-05 13:37:43,066 INFO     ___FILE_ONLY___ ═
2025-06-05 13:37:43,068 INFO     ___FILE_ONLY___ ═
2025-06-05 13:37:43,070 INFO     ___FILE_ONLY___ ═
2025-06-05 13:37:43,071 INFO     ___FILE_ONLY___ ═
2025-06-05 13:37:43,073 INFO     ___FILE_ONLY___ ═
2025-06-05 13:37:43,075 INFO     ___FILE_ONLY___ ═
2025-06-05 13:37:43,077 INFO     ___FILE_ONLY___ ═
2025-06-05 13:37:43,078 INFO     ___FILE_ONLY___ ═
2025-06-05 13:37:43,080 INFO     ___FILE_ONLY___ ═
2025-06-05 13:37:43,082 INFO     ___FILE_ONLY___ ═
2025-06-05 13:37:43,084 INFO     ___FILE_ONLY___ ═
2025-06-05 13:37:43,085 INFO     ___FILE_ONLY___ ═
2025-06-05 13:37:43,087 INFO     ___FILE_ONLY___ ═
2025-06-05 13:37:43,089 INFO     ___FILE_ONLY___ ═
2025-06-05 13:37:43,091 INFO     ___FILE_ONLY___ ═
2025-06-05 13:37:43,093 INFO     ___FILE_ONLY___ ═
2025-06-05 13:37:43,093 INFO     ___FILE_ONLY___ ╝

2025-06-05 13:37:43,099 INFO     ___FILE_ONLY___ ╔════════════════════════════════════════════════════════════╗

2025-06-05 13:37:43,100 INFO     ___FILE_ONLY___ ╠═ Downloading: Cloud Storage Command Line Tool             ═╣

2025-06-05 13:37:43,100 INFO     ___FILE_ONLY___ ╚
2025-06-05 13:37:43,103 DEBUG    urllib3.connectionpool Starting new HTTPS connection (1): dl.google.com:443
2025-06-05 13:37:43,117 DEBUG    urllib3.connectionpool https://dl.google.com:443 "GET /dl/cloudsdk/channels/rapid/components/google-cloud-sdk-gsutil-20250418150427.tar.gz HTTP/11" 200 12382702
2025-06-05 13:37:43,160 INFO     ___FILE_ONLY___ ═
2025-06-05 13:37:43,161 INFO     ___FILE_ONLY___ ═
2025-06-05 13:37:43,161 INFO     ___FILE_ONLY___ ═
2025-06-05 13:37:43,161 INFO     ___FILE_ONLY___ ═
2025-06-05 13:37:43,162 INFO     ___FILE_ONLY___ ═
2025-06-05 13:37:43,162 INFO     ___FILE_ONLY___ ═
2025-06-05 13:37:43,162 INFO     ___FILE_ONLY___ ═
2025-06-05 13:37:43,163 INFO     ___FILE_ONLY___ ═
2025-06-05 13:37:43,163 INFO     ___FILE_ONLY___ ═
2025-06-05 13:37:43,163 INFO     ___FILE_ONLY___ ═
2025-06-05 13:37:43,163 INFO     ___FILE_ONLY___ ═
2025-06-05 13:37:43,164 INFO     ___FILE_ONLY___ ═
2025-06-05 13:37:43,164 INFO     ___FILE_ONLY___ ═
2025-06-05 13:37:43,164 INFO     ___FILE_ONLY___ ═
2025-06-05 13:37:43,165 INFO     ___FILE_ONLY___ ═
2025-06-05 13:37:43,165 INFO     ___FILE_ONLY___ ═
2025-06-05 13:37:43,165 INFO     ___FILE_ONLY___ ═
2025-06-05 13:37:43,165 INFO     ___FILE_ONLY___ ═
2025-06-05 13:37:43,166 INFO     ___FILE_ONLY___ ═
2025-06-05 13:37:43,166 INFO     ___FILE_ONLY___ ═
2025-06-05 13:37:43,166 INFO     ___FILE_ONLY___ ═
2025-06-05 13:37:43,167 INFO     ___FILE_ONLY___ ═
2025-06-05 13:37:43,167 INFO     ___FILE_ONLY___ ═
2025-06-05 13:37:43,167 INFO     ___FILE_ONLY___ ═
2025-06-05 13:37:43,167 INFO     ___FILE_ONLY___ ═
2025-06-05 13:37:43,168 INFO     ___FILE_ONLY___ ═
2025-06-05 13:37:43,168 INFO     ___FILE_ONLY___ ═
2025-06-05 13:37:43,168 INFO     ___FILE_ONLY___ ═
2025-06-05 13:37:43,169 INFO     ___FILE_ONLY___ ═
2025-06-05 13:37:43,169 INFO     ___FILE_ONLY___ ═
2025-06-05 13:37:43,169 INFO     ___FILE_ONLY___ ═
2025-06-05 13:37:43,169 INFO     ___FILE_ONLY___ ═
2025-06-05 13:37:43,170 INFO     ___FILE_ONLY___ ═
2025-06-05 13:37:43,170 INFO     ___FILE_ONLY___ ═
2025-06-05 13:37:43,170 INFO     ___FILE_ONLY___ ═
2025-06-05 13:37:43,171 INFO     ___FILE_ONLY___ ═
2025-06-05 13:37:43,171 INFO     ___FILE_ONLY___ ═
2025-06-05 13:37:43,171 INFO     ___FILE_ONLY___ ═
2025-06-05 13:37:43,171 INFO     ___FILE_ONLY___ ═
2025-06-05 13:37:43,172 INFO     ___FILE_ONLY___ ═
2025-06-05 13:37:43,172 INFO     ___FILE_ONLY___ ═
2025-06-05 13:37:43,172 INFO     ___FILE_ONLY___ ═
2025-06-05 13:37:43,172 INFO     ___FILE_ONLY___ ═
2025-06-05 13:37:43,173 INFO     ___FILE_ONLY___ ═
2025-06-05 13:37:43,173 INFO     ___FILE_ONLY___ ═
2025-06-05 13:37:43,173 INFO     ___FILE_ONLY___ ═
2025-06-05 13:37:43,174 INFO     ___FILE_ONLY___ ═
2025-06-05 13:37:43,174 INFO     ___FILE_ONLY___ ═
2025-06-05 13:37:43,174 INFO     ___FILE_ONLY___ ═
2025-06-05 13:37:43,174 INFO     ___FILE_ONLY___ ═
2025-06-05 13:37:43,175 INFO     ___FILE_ONLY___ ═
2025-06-05 13:37:43,175 INFO     ___FILE_ONLY___ ═
2025-06-05 13:37:43,175 INFO     ___FILE_ONLY___ ═
2025-06-05 13:37:43,176 INFO     ___FILE_ONLY___ ═
2025-06-05 13:37:43,176 INFO     ___FILE_ONLY___ ═
2025-06-05 13:37:43,176 INFO     ___FILE_ONLY___ ═
2025-06-05 13:37:43,176 INFO     ___FILE_ONLY___ ═
2025-06-05 13:37:43,177 INFO     ___FILE_ONLY___ ═
2025-06-05 13:37:43,177 INFO     ___FILE_ONLY___ ═
2025-06-05 13:37:43,177 INFO     ___FILE_ONLY___ ═
2025-06-05 13:37:43,177 INFO     ___FILE_ONLY___ ╝

2025-06-05 13:37:43,180 INFO     ___FILE_ONLY___ ╔════════════════════════════════════════════════════════════╗

2025-06-05 13:37:43,180 INFO     ___FILE_ONLY___ ╠═ Downloading: Cloud Storage Command Line Tool (Platfor... ═╣

2025-06-05 13:37:43,180 INFO     ___FILE_ONLY___ ╚
2025-06-05 13:37:43,183 DEBUG    urllib3.connectionpool Starting new HTTPS connection (1): dl.google.com:443
2025-06-05 13:37:43,226 DEBUG    urllib3.connectionpool https://dl.google.com:443 "GET /dl/cloudsdk/channels/rapid/components/google-cloud-sdk-gsutil-nix-20250523104322.tar.gz HTTP/11" 200 1950
2025-06-05 13:37:43,227 INFO     ___FILE_ONLY___ ════════════════════════════════════════════════════════════
2025-06-05 13:37:43,227 INFO     ___FILE_ONLY___ ╝

2025-06-05 13:37:43,229 INFO     ___FILE_ONLY___ ╔════════════════════════════════════════════════════════════╗

2025-06-05 13:37:43,229 INFO     ___FILE_ONLY___ ╠═ Downloading: Default set of gcloud commands              ═╣

2025-06-05 13:37:43,229 INFO     ___FILE_ONLY___ ╚
2025-06-05 13:37:43,229 INFO     ___FILE_ONLY___ ════════════════════════════════════════════════════════════
2025-06-05 13:37:43,229 INFO     ___FILE_ONLY___ ╝

2025-06-05 13:37:43,231 INFO     ___FILE_ONLY___ ╔════════════════════════════════════════════════════════════╗

2025-06-05 13:37:43,231 INFO     ___FILE_ONLY___ ╠═ Downloading: Google Cloud CLI Core Libraries (Platfor... ═╣

2025-06-05 13:37:43,231 INFO     ___FILE_ONLY___ ╚
2025-06-05 13:37:43,234 DEBUG    urllib3.connectionpool Starting new HTTPS connection (1): dl.google.com:443
2025-06-05 13:37:43,245 DEBUG    urllib3.connectionpool https://dl.google.com:443 "GET /dl/cloudsdk/channels/rapid/components/google-cloud-sdk-core-nix-20250523104322.tar.gz HTTP/11" 200 2325
2025-06-05 13:37:43,246 INFO     ___FILE_ONLY___ ════════════════════════════════════════════════════════════
2025-06-05 13:37:43,246 INFO     ___FILE_ONLY___ ╝

2025-06-05 13:37:43,248 INFO     ___FILE_ONLY___ ╔════════════════════════════════════════════════════════════╗

2025-06-05 13:37:43,248 INFO     ___FILE_ONLY___ ╠═ Downloading: Google Cloud CRC32C Hash Tool               ═╣

2025-06-05 13:37:43,248 INFO     ___FILE_ONLY___ ╚
2025-06-05 13:37:43,248 INFO     ___FILE_ONLY___ ════════════════════════════════════════════════════════════
2025-06-05 13:37:43,248 INFO     ___FILE_ONLY___ ╝

2025-06-05 13:37:43,250 INFO     ___FILE_ONLY___ ╔════════════════════════════════════════════════════════════╗

2025-06-05 13:37:43,250 INFO     ___FILE_ONLY___ ╠═ Downloading: Google Cloud CRC32C Hash Tool (Platform ... ═╣

2025-06-05 13:37:43,250 INFO     ___FILE_ONLY___ ╚
2025-06-05 13:37:43,253 DEBUG    urllib3.connectionpool Starting new HTTPS connection (1): dl.google.com:443
2025-06-05 13:37:43,265 DEBUG    urllib3.connectionpool https://dl.google.com:443 "GET /dl/cloudsdk/channels/rapid/components/google-cloud-sdk-gcloud-crc32c-linux-x86_64-20250110133808.tar.gz HTTP/11" 200 1478989
2025-06-05 13:37:43,278 INFO     ___FILE_ONLY___ ═
2025-06-05 13:37:43,278 INFO     ___FILE_ONLY___ ═
2025-06-05 13:37:43,278 INFO     ___FILE_ONLY___ ═
2025-06-05 13:37:43,278 INFO     ___FILE_ONLY___ ═
2025-06-05 13:37:43,278 INFO     ___FILE_ONLY___ ═
2025-06-05 13:37:43,278 INFO     ___FILE_ONLY___ ═
2025-06-05 13:37:43,278 INFO     ___FILE_ONLY___ ═
2025-06-05 13:37:43,279 INFO     ___FILE_ONLY___ ═
2025-06-05 13:37:43,279 INFO     ___FILE_ONLY___ ═
2025-06-05 13:37:43,279 INFO     ___FILE_ONLY___ ═
2025-06-05 13:37:43,279 INFO     ___FILE_ONLY___ ═
2025-06-05 13:37:43,279 INFO     ___FILE_ONLY___ ═
2025-06-05 13:37:43,279 INFO     ___FILE_ONLY___ ═
2025-06-05 13:37:43,279 INFO     ___FILE_ONLY___ ═
2025-06-05 13:37:43,279 INFO     ___FILE_ONLY___ ═
2025-06-05 13:37:43,279 INFO     ___FILE_ONLY___ ═
2025-06-05 13:37:43,279 INFO     ___FILE_ONLY___ ═
2025-06-05 13:37:43,279 INFO     ___FILE_ONLY___ ═
2025-06-05 13:37:43,279 INFO     ___FILE_ONLY___ ═
2025-06-05 13:37:43,279 INFO     ___FILE_ONLY___ ═
2025-06-05 13:37:43,280 INFO     ___FILE_ONLY___ ═
2025-06-05 13:37:43,280 INFO     ___FILE_ONLY___ ═
2025-06-05 13:37:43,280 INFO     ___FILE_ONLY___ ═
2025-06-05 13:37:43,280 INFO     ___FILE_ONLY___ ═
2025-06-05 13:37:43,280 INFO     ___FILE_ONLY___ ═
2025-06-05 13:37:43,280 INFO     ___FILE_ONLY___ ═
2025-06-05 13:37:43,280 INFO     ___FILE_ONLY___ ═
2025-06-05 13:37:43,280 INFO     ___FILE_ONLY___ ═
2025-06-05 13:37:43,280 INFO     ___FILE_ONLY___ ═
2025-06-05 13:37:43,280 INFO     ___FILE_ONLY___ ═
2025-06-05 13:37:43,280 INFO     ___FILE_ONLY___ ═
2025-06-05 13:37:43,280 INFO     ___FILE_ONLY___ ═
2025-06-05 13:37:43,281 INFO     ___FILE_ONLY___ ═
2025-06-05 13:37:43,281 INFO     ___FILE_ONLY___ ═
2025-06-05 13:37:43,281 INFO     ___FILE_ONLY___ ═
2025-06-05 13:37:43,281 INFO     ___FILE_ONLY___ ═
2025-06-05 13:37:43,281 INFO     ___FILE_ONLY___ ═
2025-06-05 13:37:43,281 INFO     ___FILE_ONLY___ ═
2025-06-05 13:37:43,281 INFO     ___FILE_ONLY___ ═
2025-06-05 13:37:43,281 INFO     ___FILE_ONLY___ ═
2025-06-05 13:37:43,281 INFO     ___FILE_ONLY___ ═
2025-06-05 13:37:43,281 INFO     ___FILE_ONLY___ ═
2025-06-05 13:37:43,281 INFO     ___FILE_ONLY___ ═
2025-06-05 13:37:43,281 INFO     ___FILE_ONLY___ ═
2025-06-05 13:37:43,281 INFO     ___FILE_ONLY___ ═
2025-06-05 13:37:43,282 INFO     ___FILE_ONLY___ ═
2025-06-05 13:37:43,282 INFO     ___FILE_ONLY___ ═
2025-06-05 13:37:43,282 INFO     ___FILE_ONLY___ ═
2025-06-05 13:37:43,282 INFO     ___FILE_ONLY___ ═
2025-06-05 13:37:43,282 INFO     ___FILE_ONLY___ ═
2025-06-05 13:37:43,282 INFO     ___FILE_ONLY___ ═
2025-06-05 13:37:43,282 INFO     ___FILE_ONLY___ ═
2025-06-05 13:37:43,282 INFO     ___FILE_ONLY___ ═
2025-06-05 13:37:43,282 INFO     ___FILE_ONLY___ ═
2025-06-05 13:37:43,282 INFO     ___FILE_ONLY___ ═
2025-06-05 13:37:43,282 INFO     ___FILE_ONLY___ ═
2025-06-05 13:37:43,282 INFO     ___FILE_ONLY___ ═
2025-06-05 13:37:43,283 INFO     ___FILE_ONLY___ ═
2025-06-05 13:37:43,283 INFO     ___FILE_ONLY___ ═
2025-06-05 13:37:43,283 INFO     ___FILE_ONLY___ ═
2025-06-05 13:37:43,283 INFO     ___FILE_ONLY___ ╝

2025-06-05 13:37:43,285 INFO     ___FILE_ONLY___ ╔════════════════════════════════════════════════════════════╗

2025-06-05 13:37:43,285 INFO     ___FILE_ONLY___ ╠═ Downloading: gcloud cli dependencies (Platform Specific) ═╣

2025-06-05 13:37:43,285 INFO     ___FILE_ONLY___ ╚
2025-06-05 13:37:43,288 DEBUG    urllib3.connectionpool Starting new HTTPS connection (1): dl.google.com:443
2025-06-05 13:37:43,301 DEBUG    urllib3.connectionpool https://dl.google.com:443 "GET /dl/cloudsdk/channels/rapid/components/google-cloud-sdk-gcloud-deps-linux-x86_64-20210416153011.tar.gz HTTP/11" 200 104
2025-06-05 13:37:43,302 INFO     ___FILE_ONLY___ ════════════════════════════════════════════════════════════
2025-06-05 13:37:43,302 INFO     ___FILE_ONLY___ ╝

2025-06-05 13:37:43,304 INFO     ___FILE_ONLY___ ╔════════════════════════════════════════════════════════════╗

2025-06-05 13:37:43,304 INFO     ___FILE_ONLY___ ╠═ Installing: BigQuery Command Line Tool                   ═╣

2025-06-05 13:37:43,304 INFO     ___FILE_ONLY___ ╚
2025-06-05 13:37:43,398 INFO     ___FILE_ONLY___ ═
2025-06-05 13:37:43,400 INFO     ___FILE_ONLY___ ═
2025-06-05 13:37:43,403 INFO     ___FILE_ONLY___ ═
2025-06-05 13:37:43,405 INFO     ___FILE_ONLY___ ═
2025-06-05 13:37:43,407 INFO     ___FILE_ONLY___ ═
2025-06-05 13:37:43,409 INFO     ___FILE_ONLY___ ═
2025-06-05 13:37:43,412 INFO     ___FILE_ONLY___ ═
2025-06-05 13:37:43,413 INFO     ___FILE_ONLY___ ═
2025-06-05 13:37:43,416 INFO     ___FILE_ONLY___ ═
2025-06-05 13:37:43,418 INFO     ___FILE_ONLY___ ═
2025-06-05 13:37:43,420 INFO     ___FILE_ONLY___ ═
2025-06-05 13:37:43,422 INFO     ___FILE_ONLY___ ═
2025-06-05 13:37:43,424 INFO     ___FILE_ONLY___ ═
2025-06-05 13:37:43,426 INFO     ___FILE_ONLY___ ═
2025-06-05 13:37:43,428 INFO     ___FILE_ONLY___ ═
2025-06-05 13:37:43,430 INFO     ___FILE_ONLY___ ═
2025-06-05 13:37:43,432 INFO     ___FILE_ONLY___ ═
2025-06-05 13:37:43,434 INFO     ___FILE_ONLY___ ═
2025-06-05 13:37:43,436 INFO     ___FILE_ONLY___ ═
2025-06-05 13:37:43,439 INFO     ___FILE_ONLY___ ═
2025-06-05 13:37:43,442 INFO     ___FILE_ONLY___ ═
2025-06-05 13:37:43,444 INFO     ___FILE_ONLY___ ═
2025-06-05 13:37:43,446 INFO     ___FILE_ONLY___ ═
2025-06-05 13:37:43,448 INFO     ___FILE_ONLY___ ═
2025-06-05 13:37:43,449 INFO     ___FILE_ONLY___ ═
2025-06-05 13:37:43,451 INFO     ___FILE_ONLY___ ═
2025-06-05 13:37:43,453 INFO     ___FILE_ONLY___ ═
2025-06-05 13:37:43,455 INFO     ___FILE_ONLY___ ═
2025-06-05 13:37:43,457 INFO     ___FILE_ONLY___ ═
2025-06-05 13:37:43,461 INFO     ___FILE_ONLY___ ═
2025-06-05 13:37:43,462 INFO     ___FILE_ONLY___ ═
2025-06-05 13:37:43,464 INFO     ___FILE_ONLY___ ═
2025-06-05 13:37:43,466 INFO     ___FILE_ONLY___ ═
2025-06-05 13:37:43,470 INFO     ___FILE_ONLY___ ═
2025-06-05 13:37:43,472 INFO     ___FILE_ONLY___ ═
2025-06-05 13:37:43,479 INFO     ___FILE_ONLY___ ═
2025-06-05 13:37:43,484 INFO     ___FILE_ONLY___ ═
2025-06-05 13:37:43,488 INFO     ___FILE_ONLY___ ═
2025-06-05 13:37:43,491 INFO     ___FILE_ONLY___ ═
2025-06-05 13:37:43,493 INFO     ___FILE_ONLY___ ═
2025-06-05 13:37:43,496 INFO     ___FILE_ONLY___ ═
2025-06-05 13:37:43,498 INFO     ___FILE_ONLY___ ═
2025-06-05 13:37:43,501 INFO     ___FILE_ONLY___ ═
2025-06-05 13:37:43,504 INFO     ___FILE_ONLY___ ═
2025-06-05 13:37:43,506 INFO     ___FILE_ONLY___ ═
2025-06-05 13:37:43,509 INFO     ___FILE_ONLY___ ═
2025-06-05 13:37:43,511 INFO     ___FILE_ONLY___ ═
2025-06-05 13:37:43,513 INFO     ___FILE_ONLY___ ═
2025-06-05 13:37:43,515 INFO     ___FILE_ONLY___ ═
2025-06-05 13:37:43,517 INFO     ___FILE_ONLY___ ═
2025-06-05 13:37:43,519 INFO     ___FILE_ONLY___ ═
2025-06-05 13:37:43,522 INFO     ___FILE_ONLY___ ═
2025-06-05 13:37:43,523 INFO     ___FILE_ONLY___ ═
2025-06-05 13:37:43,526 INFO     ___FILE_ONLY___ ═
2025-06-05 13:37:43,528 INFO     ___FILE_ONLY___ ═
2025-06-05 13:37:43,529 INFO     ___FILE_ONLY___ ═
2025-06-05 13:37:43,532 INFO     ___FILE_ONLY___ ═
2025-06-05 13:37:43,534 INFO     ___FILE_ONLY___ ═
2025-06-05 13:37:43,535 INFO     ___FILE_ONLY___ ═
2025-06-05 13:37:43,537 INFO     ___FILE_ONLY___ ═
2025-06-05 13:37:43,538 INFO     ___FILE_ONLY___ ╝

2025-06-05 13:37:43,545 INFO     ___FILE_ONLY___ ╔════════════════════════════════════════════════════════════╗

2025-06-05 13:37:43,545 INFO     ___FILE_ONLY___ ╠═ Installing: BigQuery Command Line Tool (Platform Spec... ═╣

2025-06-05 13:37:43,545 INFO     ___FILE_ONLY___ ╚
2025-06-05 13:37:43,546 INFO     ___FILE_ONLY___ ════════════════════════════════════════════════════════════
2025-06-05 13:37:43,546 INFO     ___FILE_ONLY___ ╝

2025-06-05 13:37:43,552 INFO     ___FILE_ONLY___ ╔════════════════════════════════════════════════════════════╗

2025-06-05 13:37:43,552 INFO     ___FILE_ONLY___ ╠═ Installing: Bundled Python 3.12                          ═╣

2025-06-05 13:37:43,552 INFO     ___FILE_ONLY___ ╚
2025-06-05 13:37:43,555 INFO     ___FILE_ONLY___ ════════════════════════════════════════════════════════════
2025-06-05 13:37:43,555 INFO     ___FILE_ONLY___ ╝

2025-06-05 13:37:43,556 INFO     ___FILE_ONLY___ ╔════════════════════════════════════════════════════════════╗

2025-06-05 13:37:43,556 INFO     ___FILE_ONLY___ ╠═ Installing: Bundled Python 3.12 (Platform Specific)      ═╣

2025-06-05 13:37:43,557 INFO     ___FILE_ONLY___ ╚
2025-06-05 13:37:45,800 INFO     ___FILE_ONLY___ ═
2025-06-05 13:37:45,811 INFO     ___FILE_ONLY___ ═
2025-06-05 13:37:45,822 INFO     ___FILE_ONLY___ ═
2025-06-05 13:37:45,834 INFO     ___FILE_ONLY___ ═
2025-06-05 13:37:45,846 INFO     ___FILE_ONLY___ ═
2025-06-05 13:37:45,858 INFO     ___FILE_ONLY___ ═
2025-06-05 13:37:45,870 INFO     ___FILE_ONLY___ ═
2025-06-05 13:37:45,881 INFO     ___FILE_ONLY___ ═
2025-06-05 13:37:45,892 INFO     ___FILE_ONLY___ ═
2025-06-05 13:37:45,904 INFO     ___FILE_ONLY___ ═
2025-06-05 13:37:45,915 INFO     ___FILE_ONLY___ ═
2025-06-05 13:37:45,927 INFO     ___FILE_ONLY___ ═
2025-06-05 13:37:45,939 INFO     ___FILE_ONLY___ ═
2025-06-05 13:37:45,951 INFO     ___FILE_ONLY___ ═
2025-06-05 13:37:45,963 INFO     ___FILE_ONLY___ ═
2025-06-05 13:37:45,974 INFO     ___FILE_ONLY___ ═
2025-06-05 13:37:45,986 INFO     ___FILE_ONLY___ ═
2025-06-05 13:37:45,998 INFO     ___FILE_ONLY___ ═
2025-06-05 13:37:46,010 INFO     ___FILE_ONLY___ ═
2025-06-05 13:37:46,021 INFO     ___FILE_ONLY___ ═
2025-06-05 13:37:46,033 INFO     ___FILE_ONLY___ ═
2025-06-05 13:37:46,046 INFO     ___FILE_ONLY___ ═
2025-06-05 13:37:46,058 INFO     ___FILE_ONLY___ ═
2025-06-05 13:37:46,070 INFO     ___FILE_ONLY___ ═
2025-06-05 13:37:46,081 INFO     ___FILE_ONLY___ ═
2025-06-05 13:37:46,093 INFO     ___FILE_ONLY___ ═
2025-06-05 13:37:46,104 INFO     ___FILE_ONLY___ ═
2025-06-05 13:37:46,116 INFO     ___FILE_ONLY___ ═
2025-06-05 13:37:46,128 INFO     ___FILE_ONLY___ ═
2025-06-05 13:37:46,141 INFO     ___FILE_ONLY___ ═
2025-06-05 13:37:46,153 INFO     ___FILE_ONLY___ ═
2025-06-05 13:37:46,167 INFO     ___FILE_ONLY___ ═
2025-06-05 13:37:46,180 INFO     ___FILE_ONLY___ ═
2025-06-05 13:37:46,195 INFO     ___FILE_ONLY___ ═
2025-06-05 13:37:46,211 INFO     ___FILE_ONLY___ ═
2025-06-05 13:37:46,225 INFO     ___FILE_ONLY___ ═
2025-06-05 13:37:47,098 INFO     ___FILE_ONLY___ ═
2025-06-05 13:37:47,122 INFO     ___FILE_ONLY___ ═
2025-06-05 13:37:47,622 INFO     ___FILE_ONLY___ ═
2025-06-05 13:37:47,640 INFO     ___FILE_ONLY___ ═
2025-06-05 13:37:47,663 INFO     ___FILE_ONLY___ ═
2025-06-05 13:37:47,688 INFO     ___FILE_ONLY___ ═
2025-06-05 13:37:47,706 INFO     ___FILE_ONLY___ ═
2025-06-05 13:37:47,732 INFO     ___FILE_ONLY___ ═
2025-06-05 13:37:47,752 INFO     ___FILE_ONLY___ ═
2025-06-05 13:37:47,771 INFO     ___FILE_ONLY___ ═
2025-06-05 13:37:47,787 INFO     ___FILE_ONLY___ ═
2025-06-05 13:37:47,803 INFO     ___FILE_ONLY___ ═
2025-06-05 13:37:47,897 INFO     ___FILE_ONLY___ ═
2025-06-05 13:37:47,917 INFO     ___FILE_ONLY___ ═
2025-06-05 13:37:48,065 INFO     ___FILE_ONLY___ ═
2025-06-05 13:37:48,081 INFO     ___FILE_ONLY___ ═
2025-06-05 13:37:48,098 INFO     ___FILE_ONLY___ ═
2025-06-05 13:37:48,114 INFO     ___FILE_ONLY___ ═
2025-06-05 13:37:48,129 INFO     ___FILE_ONLY___ ═
2025-06-05 13:37:48,146 INFO     ___FILE_ONLY___ ═
2025-06-05 13:37:48,163 INFO     ___FILE_ONLY___ ═
2025-06-05 13:37:48,179 INFO     ___FILE_ONLY___ ═
2025-06-05 13:37:48,207 INFO     ___FILE_ONLY___ ═
2025-06-05 13:37:48,694 INFO     ___FILE_ONLY___ ═
2025-06-05 13:37:48,694 INFO     ___FILE_ONLY___ ╝

2025-06-05 13:37:48,746 INFO     ___FILE_ONLY___ ╔════════════════════════════════════════════════════════════╗

2025-06-05 13:37:48,746 INFO     ___FILE_ONLY___ ╠═ Installing: Cloud Storage Command Line Tool              ═╣

2025-06-05 13:37:48,746 INFO     ___FILE_ONLY___ ╚
2025-06-05 13:37:49,277 INFO     ___FILE_ONLY___ ═
2025-06-05 13:37:49,290 INFO     ___FILE_ONLY___ ═
2025-06-05 13:37:49,302 INFO     ___FILE_ONLY___ ═
2025-06-05 13:37:49,313 INFO     ___FILE_ONLY___ ═
2025-06-05 13:37:49,322 INFO     ___FILE_ONLY___ ═
2025-06-05 13:37:49,357 INFO     ___FILE_ONLY___ ═
2025-06-05 13:37:49,370 INFO     ___FILE_ONLY___ ═
2025-06-05 13:37:49,385 INFO     ___FILE_ONLY___ ═
2025-06-05 13:37:49,396 INFO     ___FILE_ONLY___ ═
2025-06-05 13:37:49,412 INFO     ___FILE_ONLY___ ═
2025-06-05 13:37:49,424 INFO     ___FILE_ONLY___ ═
2025-06-05 13:37:49,434 INFO     ___FILE_ONLY___ ═
2025-06-05 13:37:49,444 INFO     ___FILE_ONLY___ ═
2025-06-05 13:37:49,453 INFO     ___FILE_ONLY___ ═
2025-06-05 13:37:49,464 INFO     ___FILE_ONLY___ ═
2025-06-05 13:37:49,478 INFO     ___FILE_ONLY___ ═
2025-06-05 13:37:49,491 INFO     ___FILE_ONLY___ ═
2025-06-05 13:37:49,500 INFO     ___FILE_ONLY___ ═
2025-06-05 13:37:49,514 INFO     ___FILE_ONLY___ ═
2025-06-05 13:37:49,524 INFO     ___FILE_ONLY___ ═
2025-06-05 13:37:49,536 INFO     ___FILE_ONLY___ ═
2025-06-05 13:37:49,552 INFO     ___FILE_ONLY___ ═
2025-06-05 13:37:49,562 INFO     ___FILE_ONLY___ ═
2025-06-05 13:37:49,571 INFO     ___FILE_ONLY___ ═
2025-06-05 13:37:49,581 INFO     ___FILE_ONLY___ ═
2025-06-05 13:37:49,591 INFO     ___FILE_ONLY___ ═
2025-06-05 13:37:49,603 INFO     ___FILE_ONLY___ ═
2025-06-05 13:37:49,620 INFO     ___FILE_ONLY___ ═
2025-06-05 13:37:49,631 INFO     ___FILE_ONLY___ ═
2025-06-05 13:37:49,641 INFO     ___FILE_ONLY___ ═
2025-06-05 13:37:49,661 INFO     ___FILE_ONLY___ ═
2025-06-05 13:37:49,677 INFO     ___FILE_ONLY___ ═
2025-06-05 13:37:49,693 INFO     ___FILE_ONLY___ ═
2025-06-05 13:37:49,711 INFO     ___FILE_ONLY___ ═
2025-06-05 13:37:49,726 INFO     ___FILE_ONLY___ ═
2025-06-05 13:37:49,737 INFO     ___FILE_ONLY___ ═
2025-06-05 13:37:49,747 INFO     ___FILE_ONLY___ ═
2025-06-05 13:37:49,760 INFO     ___FILE_ONLY___ ═
2025-06-05 13:37:49,774 INFO     ___FILE_ONLY___ ═
2025-06-05 13:37:49,786 INFO     ___FILE_ONLY___ ═
2025-06-05 13:37:49,796 INFO     ___FILE_ONLY___ ═
2025-06-05 13:37:49,806 INFO     ___FILE_ONLY___ ═
2025-06-05 13:37:49,816 INFO     ___FILE_ONLY___ ═
2025-06-05 13:37:49,826 INFO     ___FILE_ONLY___ ═
2025-06-05 13:37:49,836 INFO     ___FILE_ONLY___ ═
2025-06-05 13:37:49,845 INFO     ___FILE_ONLY___ ═
2025-06-05 13:37:49,854 INFO     ___FILE_ONLY___ ═
2025-06-05 13:37:49,863 INFO     ___FILE_ONLY___ ═
2025-06-05 13:37:49,874 INFO     ___FILE_ONLY___ ═
2025-06-05 13:37:49,887 INFO     ___FILE_ONLY___ ═
2025-06-05 13:37:49,900 INFO     ___FILE_ONLY___ ═
2025-06-05 13:37:49,914 INFO     ___FILE_ONLY___ ═
2025-06-05 13:37:49,925 INFO     ___FILE_ONLY___ ═
2025-06-05 13:37:49,939 INFO     ___FILE_ONLY___ ═
2025-06-05 13:37:49,951 INFO     ___FILE_ONLY___ ═
2025-06-05 13:37:49,966 INFO     ___FILE_ONLY___ ═
2025-06-05 13:37:49,981 INFO     ___FILE_ONLY___ ═
2025-06-05 13:37:50,002 INFO     ___FILE_ONLY___ ═
2025-06-05 13:37:50,018 INFO     ___FILE_ONLY___ ═
2025-06-05 13:37:50,035 INFO     ___FILE_ONLY___ ═
2025-06-05 13:37:50,035 INFO     ___FILE_ONLY___ ╝

2025-06-05 13:37:50,065 INFO     ___FILE_ONLY___ ╔════════════════════════════════════════════════════════════╗

2025-06-05 13:37:50,066 INFO     ___FILE_ONLY___ ╠═ Installing: Cloud Storage Command Line Tool (Platform... ═╣

2025-06-05 13:37:50,066 INFO     ___FILE_ONLY___ ╚
2025-06-05 13:37:50,066 INFO     ___FILE_ONLY___ ════════════════════════════════════════════════════════════
2025-06-05 13:37:50,066 INFO     ___FILE_ONLY___ ╝

2025-06-05 13:37:50,071 INFO     ___FILE_ONLY___ ╔════════════════════════════════════════════════════════════╗

2025-06-05 13:37:50,071 INFO     ___FILE_ONLY___ ╠═ Installing: Default set of gcloud commands               ═╣

2025-06-05 13:37:50,071 INFO     ___FILE_ONLY___ ╚
2025-06-05 13:37:50,074 INFO     ___FILE_ONLY___ ════════════════════════════════════════════════════════════
2025-06-05 13:37:50,075 INFO     ___FILE_ONLY___ ╝

2025-06-05 13:37:50,076 INFO     ___FILE_ONLY___ ╔════════════════════════════════════════════════════════════╗

2025-06-05 13:37:50,077 INFO     ___FILE_ONLY___ ╠═ Installing: Google Cloud CLI Core Libraries (Platform... ═╣

2025-06-05 13:37:50,077 INFO     ___FILE_ONLY___ ╚
2025-06-05 13:37:50,078 INFO     ___FILE_ONLY___ ══════════════════════════════
2025-06-05 13:37:50,078 INFO     ___FILE_ONLY___ ══════════════════════════════
2025-06-05 13:37:50,078 INFO     ___FILE_ONLY___ ╝

2025-06-05 13:37:50,083 INFO     ___FILE_ONLY___ ╔════════════════════════════════════════════════════════════╗

2025-06-05 13:37:50,083 INFO     ___FILE_ONLY___ ╠═ Installing: Google Cloud CRC32C Hash Tool                ═╣

2025-06-05 13:37:50,083 INFO     ___FILE_ONLY___ ╚
2025-06-05 13:37:50,086 INFO     ___FILE_ONLY___ ════════════════════════════════════════════════════════════
2025-06-05 13:37:50,086 INFO     ___FILE_ONLY___ ╝

2025-06-05 13:37:50,088 INFO     ___FILE_ONLY___ ╔════════════════════════════════════════════════════════════╗

2025-06-05 13:37:50,088 INFO     ___FILE_ONLY___ ╠═ Installing: Google Cloud CRC32C Hash Tool (Platform S... ═╣

2025-06-05 13:37:50,088 INFO     ___FILE_ONLY___ ╚
2025-06-05 13:37:50,126 INFO     ___FILE_ONLY___ ══════════════════════════════
2025-06-05 13:37:50,127 INFO     ___FILE_ONLY___ ══════════════════════════════
2025-06-05 13:37:50,127 INFO     ___FILE_ONLY___ ╝

2025-06-05 13:37:50,132 INFO     ___FILE_ONLY___ ╔════════════════════════════════════════════════════════════╗

2025-06-05 13:37:50,132 INFO     ___FILE_ONLY___ ╠═ Installing: gcloud cli dependencies (Platform Specific)  ═╣

2025-06-05 13:37:50,132 INFO     ___FILE_ONLY___ ╚
2025-06-05 13:37:50,132 INFO     ___FILE_ONLY___ ════════════════════════════════════════════════════════════
2025-06-05 13:37:50,133 INFO     ___FILE_ONLY___ ╝

2025-06-05 13:37:50,138 DEBUG    root            Updating notification cache...
2025-06-05 13:37:50,138 INFO     ___FILE_ONLY___ 

2025-06-05 13:37:50,140 INFO     ___FILE_ONLY___ Performing post processing steps...
2025-06-05 13:37:50,140 DEBUG    root            Executing command: ['/tools/google-cloud-sdk/bin/gcloud', 'components', 'post-process']
2025-06-05 13:37:58,937 DEBUG    ___FILE_ONLY___ 
2025-06-05 13:37:58,937 DEBUG    ___FILE_ONLY___ 
2025-06-05 13:37:59,183 INFO     root            descriptor_list: [{'universeDomain': 'googleapis.com', 'universeShortName': '', 'authenticationDomain': 'auth.cloud.google.com', 'projectPrefix': '', 'cloudWebDomain': 'cloud.google.com', 'documentationDomain': 'cloud.google.com', 'version': '1.0.0', 'state': 'primary', 'artifactRegistryDomain': 'pkg.dev'}]
2025-06-05 13:37:59,183 INFO     ___FILE_ONLY___ 
Update done!


2025-06-05 13:37:59,186 DEBUG    root            Chosen display Format:none
2025-06-05 13:37:59,186 INFO     root            Display format: "none"
